<?xml version="1.0" encoding="UTF-8"?>
<testsuite name="Camino feliz - Reservas exitosas" tests="2" skipped="0" failures="0" errors="0" timestamp="2026-03-03T23:57:56.263Z" hostname="PIMAGE" time="0.048">
  <properties/>
  <testcase name="Debe aplicar 10% de descuento para estancias de 7+ noches" classname="com.universidad.reservas.service.ServicioReservasTest$CaminoFeliz" time="0.041"/>
  <testcase name="Debe crear una reserva exitosa para una estancia de 3 noches" classname="com.universidad.reservas.service.ServicioReservasTest$CaminoFeliz" time="0.006"/>
  <system-out><![CDATA[]]></system-out>
  <system-err><![CDATA[]]></system-err>
</testsuite>
