<?xml version="1.0" encoding="UTF-8"?>
<testsuite name="Manejo de errores - Excepciones esperadas" tests="3" skipped="0" failures="0" errors="0" timestamp="2026-03-04T00:31:05.599Z" hostname="PIMAGE" time="0.071">
  <properties/>
  <testcase name="Debe lanzar IllegalStateException si la habitación NO está disponible" classname="com.universidad.reservas.service.ServicioReservasTest$ManejoErrores" time="0.03"/>
  <testcase name="Debe lanzar IllegalStateException cuando el pago es rechazado" classname="com.universidad.reservas.service.ServicioReservasTest$ManejoErrores" time="0.018"/>
  <testcase name="Debe lanzar IllegalArgumentException si la fecha de salida no es posterior a la de entrada" classname="com.universidad.reservas.service.ServicioReservasTest$ManejoErrores" time="0.015"/>
  <system-out><![CDATA[]]></system-out>
  <system-err><![CDATA[]]></system-err>
</testsuite>
